<?xml version="1.0" encoding="UTF-8"?>
<!-- Generated by org.testng.reporters.JUnitXMLReporter -->
<testsuite ignored="0" hostname="LAPTOP-JCDHUJIQ" failures="0" tests="5" name="Default test" time="87.696" errors="0" timestamp="2021-10-02T14:38:48 IST">
  <testcase classname="com.selenium.testCases.PolicyBazaarTestCases" name="openWebSite" time="3.976"/>
  <testcase classname="com.selenium.testCases.PolicyBazaarTestCases" name="displayLowestTravelPlans" time="33.117"/>
  <testcase classname="com.selenium.testCases.PolicyBazaarTestCases" name="TravelInsuranceInvalidMobile" time="17.765"/>
  <testcase classname="com.selenium.testCases.PolicyBazaarTestCases" name="HealthInsuranceMenuList" time="4.67"/>
  <testcase classname="com.selenium.testCases.PolicyBazaarTestCases" name="getErrorForInvalidDetails" time="26.748"/>
</testsuite> <!-- Default test -->
