<?xml version="1.0" encoding="UTF-8"?>
<!-- Generated by org.testng.reporters.JUnitXMLReporter -->
<testsuite ignored="0" hostname="LAPTOP-JCDHUJIQ" failures="0" tests="5" name="Default test" time="83.328" errors="0" timestamp="2021-10-03T15:45:05 IST">
  <testcase classname="com.selenium.testCases.PolicyBazaarTestCases" name="openWebSite" time="5.023"/>
  <testcase classname="com.selenium.testCases.PolicyBazaarTestCases" name="displayLowestTravelPlans" time="32.992"/>
  <testcase classname="com.selenium.testCases.PolicyBazaarTestCases" name="TravelInsuranceInvalidMobile" time="17.518"/>
  <testcase classname="com.selenium.testCases.PolicyBazaarTestCases" name="HealthInsuranceMenuList" time="4.187"/>
  <testcase classname="com.selenium.testCases.PolicyBazaarTestCases" name="getErrorForInvalidDetails" time="22.173"/>
</testsuite> <!-- Default test -->
